{
  "D:\\Projects\\Recipe_Finder\\src\\context\\theme.tsx": {
    "path": "D:\\Projects\\Recipe_Finder\\src\\context\\theme.tsx",
    "statementMap": {
      "0": {
        "start": { "line": 2, "column": 0 },
        "end": { "line": 2, "column": 55 }
      },
      "1": {
        "start": { "line": 9, "column": 21 },
        "end": { "line": 12, "column": 2 }
      },
      "2": {
        "start": { "line": 29, "column": 9 },
        "end": { "line": 29, "column": 21 }
      },
      "3": {
        "start": { "line": 14, "column": 57 },
        "end": { "line": 27, "column": 1 }
      },
      "4": {
        "start": { "line": 15, "column": 28 },
        "end": { "line": 15, "column": 45 }
      },
      "5": {
        "start": { "line": 17, "column": 23 },
        "end": { "line": 20, "column": 4 }
      },
      "6": {
        "start": { "line": 22, "column": 2 },
        "end": { "line": 26, "column": 4 }
      },
      "7": {
        "start": { "line": 29, "column": 23 },
        "end": { "line": 29, "column": 36 }
      }
    },
    "fnMap": {
      "0": {
        "name": "(anonymous_0)",
        "decl": {
          "start": { "line": 11, "column": 12 },
          "end": { "line": 11, "column": 15 }
        },
        "loc": {
          "start": { "line": 11, "column": 17 },
          "end": { "line": 11, "column": 20 }
        }
      },
      "1": {
        "name": "(anonymous_1)",
        "decl": {
          "start": { "line": 14, "column": 57 },
          "end": { "line": 14, "column": 58 }
        },
        "loc": {
          "start": { "line": 14, "column": 74 },
          "end": { "line": 27, "column": 1 }
        }
      }
    },
    "branchMap": {},
    "s": { "0": 1, "1": 1, "2": 1, "3": 1, "4": 0, "5": 0, "6": 0, "7": 1 },
    "f": { "0": 0, "1": 0 },
    "b": {}
  },
  "D:\\Projects\\Recipe_Finder\\src\\pages\\Recipe\\Recipe.tsx": {
    "path": "D:\\Projects\\Recipe_Finder\\src\\pages\\Recipe\\Recipe.tsx",
    "statementMap": {
      "0": {
        "start": { "line": 2, "column": 0 },
        "end": { "line": 2, "column": 66 }
      },
      "1": {
        "start": { "line": 3, "column": 0 },
        "end": { "line": 3, "column": 58 }
      },
      "2": {
        "start": { "line": 4, "column": 0 },
        "end": { "line": 4, "column": 66 }
      },
      "3": {
        "start": { "line": 5, "column": 0 },
        "end": { "line": 5, "column": 51 }
      },
      "4": {
        "start": { "line": 6, "column": 0 },
        "end": { "line": 6, "column": 55 }
      },
      "5": {
        "start": { "line": 7, "column": 0 },
        "end": { "line": 7, "column": 40 }
      },
      "6": {
        "start": { "line": 10, "column": 15 },
        "end": { "line": 288, "column": 1 }
      },
      "7": {
        "start": { "line": 11, "column": 32 },
        "end": { "line": 11, "column": 49 }
      },
      "8": {
        "start": { "line": 12, "column": 36 },
        "end": { "line": 12, "column": 60 }
      },
      "9": {
        "start": { "line": 13, "column": 28 },
        "end": { "line": 13, "column": 43 }
      },
      "10": {
        "start": { "line": 14, "column": 20 },
        "end": { "line": 14, "column": 44 }
      },
      "11": {
        "start": { "line": 15, "column": 19 },
        "end": { "line": 15, "column": 32 }
      },
      "12": {
        "start": { "line": 16, "column": 17 },
        "end": { "line": 16, "column": 44 }
      },
      "13": {
        "start": { "line": 17, "column": 24 },
        "end": { "line": 17, "column": 59 }
      },
      "14": {
        "start": { "line": 19, "column": 2 },
        "end": { "line": 37, "column": 11 }
      },
      "15": {
        "start": { "line": 20, "column": 20 },
        "end": { "line": 20, "column": 24 }
      },
      "16": {
        "start": { "line": 22, "column": 25 },
        "end": { "line": 30, "column": 6 }
      },
      "17": {
        "start": { "line": 22, "column": 36 },
        "end": { "line": 30, "column": 6 }
      },
      "18": {
        "start": { "line": 23, "column": 6 },
        "end": { "line": 29, "column": 7 }
      },
      "19": {
        "start": { "line": 24, "column": 21 },
        "end": { "line": 24, "column": 50 }
      },
      "20": {
        "start": { "line": 25, "column": 8 },
        "end": { "line": 25, "column": 40 }
      },
      "21": {
        "start": { "line": 25, "column": 23 },
        "end": { "line": 25, "column": 40 }
      },
      "22": {
        "start": { "line": 26, "column": 8 },
        "end": { "line": 26, "column": 22 }
      },
      "23": {
        "start": { "line": 28, "column": 8 },
        "end": { "line": 28, "column": 61 }
      },
      "24": {
        "start": { "line": 32, "column": 4 },
        "end": { "line": 32, "column": 19 }
      },
      "25": {
        "start": { "line": 34, "column": 4 },
        "end": { "line": 36, "column": 6 }
      },
      "26": {
        "start": { "line": 35, "column": 6 },
        "end": { "line": 35, "column": 24 }
      },
      "27": {
        "start": { "line": 39, "column": 21 },
        "end": { "line": 42, "column": 3 }
      },
      "28": {
        "start": { "line": 40, "column": 4 },
        "end": { "line": 40, "column": 19 }
      },
      "29": {
        "start": { "line": 41, "column": 4 },
        "end": { "line": 41, "column": 22 }
      },
      "30": {
        "start": { "line": 44, "column": 26 },
        "end": { "line": 95, "column": 3 }
      },
      "31": {
        "start": { "line": 45, "column": 4 },
        "end": { "line": 94, "column": 5 }
      },
      "32": {
        "start": { "line": 46, "column": 24 },
        "end": { "line": 46, "column": 57 }
      },
      "33": {
        "start": { "line": 47, "column": 6 },
        "end": { "line": 50, "column": 7 }
      },
      "34": {
        "start": { "line": 48, "column": 8 },
        "end": { "line": 48, "column": 36 }
      },
      "35": {
        "start": { "line": 49, "column": 8 },
        "end": { "line": 49, "column": 15 }
      },
      "36": {
        "start": { "line": 52, "column": 26 },
        "end": { "line": 52, "column": 78 }
      },
      "37": {
        "start": { "line": 53, "column": 27 },
        "end": { "line": 53, "column": 44 }
      },
      "38": {
        "start": { "line": 55, "column": 6 },
        "end": { "line": 91, "column": 7 }
      },
      "39": {
        "start": { "line": 56, "column": 22 },
        "end": { "line": 56, "column": 71 }
      },
      "40": {
        "start": { "line": 57, "column": 26 },
        "end": { "line": 58, "column": null }
      },
      "41": {
        "start": { "line": 58, "column": 25 },
        "end": { "line": 58, "column": 52 }
      },
      "42": {
        "start": { "line": 61, "column": 8 },
        "end": { "line": 88, "column": 9 }
      },
      "43": {
        "start": { "line": 62, "column": 23 },
        "end": { "line": 62, "column": 39 }
      },
      "44": {
        "start": { "line": 63, "column": 30 },
        "end": { "line": 71, "column": 12 }
      },
      "45": {
        "start": { "line": 66, "column": 35 },
        "end": { "line": 66, "column": 54 }
      },
      "46": {
        "start": { "line": 73, "column": 31 },
        "end": { "line": 74, "column": null }
      },
      "47": {
        "start": { "line": 74, "column": 31 },
        "end": { "line": 74, "column": 67 }
      },
      "48": {
        "start": { "line": 78, "column": 10 },
        "end": { "line": 85, "column": 11 }
      },
      "49": {
        "start": { "line": 79, "column": 12 },
        "end": { "line": 79, "column": 53 }
      },
      "50": {
        "start": { "line": 81, "column": 12 },
        "end": { "line": 81, "column": 50 }
      },
      "51": {
        "start": { "line": 82, "column": 12 },
        "end": { "line": 82, "column": 45 }
      },
      "52": {
        "start": { "line": 83, "column": 12 },
        "end": { "line": 83, "column": 65 }
      },
      "53": {
        "start": { "line": 84, "column": 12 },
        "end": { "line": 84, "column": 48 }
      },
      "54": {
        "start": { "line": 87, "column": 10 },
        "end": { "line": 87, "column": 35 }
      },
      "55": {
        "start": { "line": 90, "column": 8 },
        "end": { "line": 90, "column": 36 }
      },
      "56": {
        "start": { "line": 93, "column": 6 },
        "end": { "line": 93, "column": 37 }
      },
      "57": {
        "start": { "line": 162, "column": 2 },
        "end": { "line": 287, "column": 4 }
      },
      "58": {
        "start": { "line": 221, "column": 37 },
        "end": { "line": 221, "column": 64 }
      },
      "59": {
        "start": { "line": 235, "column": 37 },
        "end": { "line": 235, "column": 65 }
      },
      "60": {
        "start": { "line": 244, "column": 26 },
        "end": { "line": 245, "column": null }
      },
      "61": {
        "start": { "line": 290, "column": 0 },
        "end": { "line": 290, "column": 22 }
      }
    },
    "fnMap": {
      "0": {
        "name": "(anonymous_13)",
        "decl": {
          "start": { "line": 10, "column": 15 },
          "end": { "line": 10, "column": 18 }
        },
        "loc": {
          "start": { "line": 10, "column": 20 },
          "end": { "line": 288, "column": 1 }
        }
      },
      "1": {
        "name": "(anonymous_14)",
        "decl": {
          "start": { "line": 19, "column": 12 },
          "end": { "line": 19, "column": 15 }
        },
        "loc": {
          "start": { "line": 19, "column": 17 },
          "end": { "line": 37, "column": 3 }
        }
      },
      "2": {
        "name": "(anonymous_15)",
        "decl": {
          "start": { "line": 22, "column": 25 },
          "end": { "line": 22, "column": 34 }
        },
        "loc": {
          "start": { "line": 22, "column": 36 },
          "end": { "line": 30, "column": 6 }
        }
      },
      "3": {
        "name": "(anonymous_16)",
        "decl": {
          "start": { "line": 22, "column": 36 },
          "end": { "line": 22, "column": null }
        },
        "loc": {
          "start": { "line": 22, "column": 36 },
          "end": { "line": 30, "column": 5 }
        }
      },
      "4": {
        "name": "(anonymous_17)",
        "decl": {
          "start": { "line": 34, "column": 11 },
          "end": { "line": 34, "column": 14 }
        },
        "loc": {
          "start": { "line": 34, "column": 16 },
          "end": { "line": 36, "column": 5 }
        }
      },
      "5": {
        "name": "(anonymous_18)",
        "decl": {
          "start": { "line": 39, "column": 21 },
          "end": { "line": 39, "column": 24 }
        },
        "loc": {
          "start": { "line": 39, "column": 26 },
          "end": { "line": 42, "column": 3 }
        }
      },
      "6": {
        "name": "(anonymous_19)",
        "decl": {
          "start": { "line": 44, "column": 26 },
          "end": { "line": 44, "column": 29 }
        },
        "loc": {
          "start": { "line": 44, "column": 31 },
          "end": { "line": 95, "column": 3 }
        }
      },
      "7": {
        "name": "(anonymous_20)",
        "decl": {
          "start": { "line": 58, "column": 10 },
          "end": { "line": 58, "column": 11 }
        },
        "loc": {
          "start": { "line": 58, "column": 25 },
          "end": { "line": 58, "column": 52 }
        }
      },
      "8": {
        "name": "(anonymous_21)",
        "decl": {
          "start": { "line": 66, "column": 14 },
          "end": { "line": 66, "column": 15 }
        },
        "loc": {
          "start": { "line": 66, "column": 35 },
          "end": { "line": 66, "column": 54 }
        }
      },
      "9": {
        "name": "(anonymous_22)",
        "decl": {
          "start": { "line": 74, "column": 12 },
          "end": { "line": 74, "column": 13 }
        },
        "loc": {
          "start": { "line": 74, "column": 31 },
          "end": { "line": 74, "column": 67 }
        }
      },
      "10": {
        "name": "(anonymous_23)",
        "decl": {
          "start": { "line": 221, "column": 31 },
          "end": { "line": 221, "column": 34 }
        },
        "loc": {
          "start": { "line": 221, "column": 37 },
          "end": { "line": 221, "column": 64 }
        }
      },
      "11": {
        "name": "(anonymous_24)",
        "decl": {
          "start": { "line": 235, "column": 31 },
          "end": { "line": 235, "column": 34 }
        },
        "loc": {
          "start": { "line": 235, "column": 37 },
          "end": { "line": 235, "column": 65 }
        }
      },
      "12": {
        "name": "(anonymous_25)",
        "decl": {
          "start": { "line": 243, "column": 24 },
          "end": { "line": 243, "column": 25 }
        },
        "loc": {
          "start": { "line": 244, "column": 26 },
          "end": { "line": 245, "column": null }
        }
      }
    },
    "branchMap": {
      "0": {
        "loc": {
          "start": { "line": 25, "column": 8 },
          "end": { "line": 25, "column": 40 }
        },
        "type": "if",
        "locations": [
          {
            "start": { "line": 25, "column": 8 },
            "end": { "line": 25, "column": 40 }
          }
        ]
      },
      "1": {
        "loc": {
          "start": { "line": 47, "column": 6 },
          "end": { "line": 50, "column": 7 }
        },
        "type": "if",
        "locations": [
          {
            "start": { "line": 47, "column": 6 },
            "end": { "line": 50, "column": 7 }
          }
        ]
      },
      "2": {
        "loc": {
          "start": { "line": 52, "column": 37 },
          "end": { "line": 52, "column": 77 }
        },
        "type": "binary-expr",
        "locations": [
          {
            "start": { "line": 52, "column": 37 },
            "end": { "line": 52, "column": 69 }
          },
          {
            "start": { "line": 52, "column": 73 },
            "end": { "line": 52, "column": 77 }
          }
        ]
      },
      "3": {
        "loc": {
          "start": { "line": 55, "column": 6 },
          "end": { "line": 91, "column": 7 }
        },
        "type": "if",
        "locations": [
          {
            "start": { "line": 55, "column": 6 },
            "end": { "line": 91, "column": 7 }
          },
          {
            "start": { "line": 89, "column": 13 },
            "end": { "line": 91, "column": 7 }
          }
        ]
      },
      "4": {
        "loc": {
          "start": { "line": 56, "column": 33 },
          "end": { "line": 56, "column": 70 }
        },
        "type": "binary-expr",
        "locations": [
          {
            "start": { "line": 56, "column": 33 },
            "end": { "line": 56, "column": 62 }
          },
          {
            "start": { "line": 56, "column": 66 },
            "end": { "line": 56, "column": 70 }
          }
        ]
      },
      "5": {
        "loc": {
          "start": { "line": 61, "column": 8 },
          "end": { "line": 88, "column": 9 }
        },
        "type": "if",
        "locations": [
          {
            "start": { "line": 61, "column": 8 },
            "end": { "line": 88, "column": 9 }
          },
          {
            "start": { "line": 86, "column": 15 },
            "end": { "line": 88, "column": 9 }
          }
        ]
      },
      "6": {
        "loc": {
          "start": { "line": 73, "column": 31 },
          "end": { "line": 74, "column": null }
        },
        "type": "cond-expr",
        "locations": [
          {
            "start": { "line": 73, "column": 45 },
            "end": { "line": 73, "column": 47 }
          },
          {
            "start": { "line": 73, "column": 45 },
            "end": { "line": 74, "column": null }
          }
        ]
      },
      "7": {
        "loc": {
          "start": { "line": 73, "column": 31 },
          "end": { "line": 73, "column": 47 }
        },
        "type": "binary-expr",
        "locations": [
          {
            "start": { "line": 73, "column": 31 },
            "end": { "line": 73, "column": 47 }
          },
          {
            "start": { "line": 73, "column": 45 },
            "end": { "line": 73, "column": 47 }
          }
        ]
      },
      "8": {
        "loc": {
          "start": { "line": 78, "column": 10 },
          "end": { "line": 85, "column": 11 }
        },
        "type": "if",
        "locations": [
          {
            "start": { "line": 78, "column": 10 },
            "end": { "line": 85, "column": 11 }
          },
          {
            "start": { "line": 80, "column": 17 },
            "end": { "line": 85, "column": 11 }
          }
        ]
      },
      "9": {
        "loc": {
          "start": { "line": 81, "column": 29 },
          "end": { "line": 81, "column": 49 }
        },
        "type": "binary-expr",
        "locations": [
          {
            "start": { "line": 81, "column": 29 },
            "end": { "line": 81, "column": 43 }
          },
          {
            "start": { "line": 81, "column": 47 },
            "end": { "line": 81, "column": 49 }
          }
        ]
      },
      "10": {
        "loc": {
          "start": { "line": 166, "column": 77 },
          "end": { "line": 166, "column": 147 }
        },
        "type": "cond-expr",
        "locations": [
          {
            "start": { "line": 166, "column": 96 },
            "end": { "line": 166, "column": 120 }
          },
          {
            "start": { "line": 166, "column": 123 },
            "end": { "line": 166, "column": 147 }
          }
        ]
      },
      "11": {
        "loc": {
          "start": { "line": 181, "column": 16 },
          "end": { "line": 183, "column": null }
        },
        "type": "cond-expr",
        "locations": [
          {
            "start": { "line": 182, "column": 20 },
            "end": { "line": 182, "column": 44 }
          },
          {
            "start": { "line": 183, "column": 20 },
            "end": { "line": 183, "column": null }
          }
        ]
      },
      "12": {
        "loc": {
          "start": { "line": 196, "column": 19 },
          "end": { "line": 206, "column": null }
        },
        "type": "binary-expr",
        "locations": [
          {
            "start": { "line": 196, "column": 19 },
            "end": { "line": 196, "column": 32 }
          },
          {
            "start": { "line": 197, "column": 20 },
            "end": { "line": 203, "column": null }
          }
        ]
      },
      "13": {
        "loc": {
          "start": { "line": 200, "column": 24 },
          "end": { "line": 202, "column": null }
        },
        "type": "cond-expr",
        "locations": [
          {
            "start": { "line": 201, "column": 28 },
            "end": { "line": 201, "column": 72 }
          },
          {
            "start": { "line": 202, "column": 28 },
            "end": { "line": 202, "column": null }
          }
        ]
      },
      "14": {
        "loc": {
          "start": { "line": 213, "column": 24 },
          "end": { "line": 219, "column": null }
        },
        "type": "cond-expr",
        "locations": [
          {
            "start": { "line": 214, "column": 28 },
            "end": { "line": 216, "column": 54 }
          },
          {
            "start": { "line": 217, "column": 28 },
            "end": { "line": 219, "column": null }
          }
        ]
      },
      "15": {
        "loc": {
          "start": { "line": 214, "column": 28 },
          "end": { "line": 216, "column": 54 }
        },
        "type": "cond-expr",
        "locations": [
          {
            "start": { "line": 215, "column": 30 },
            "end": { "line": 215, "column": 54 }
          },
          {
            "start": { "line": 216, "column": 30 },
            "end": { "line": 216, "column": 54 }
          }
        ]
      },
      "16": {
        "loc": {
          "start": { "line": 217, "column": 28 },
          "end": { "line": 219, "column": null }
        },
        "type": "cond-expr",
        "locations": [
          {
            "start": { "line": 218, "column": 30 },
            "end": { "line": 218, "column": 57 }
          },
          {
            "start": { "line": 219, "column": 30 },
            "end": { "line": 219, "column": null }
          }
        ]
      },
      "17": {
        "loc": {
          "start": { "line": 227, "column": 24 },
          "end": { "line": 233, "column": null }
        },
        "type": "cond-expr",
        "locations": [
          {
            "start": { "line": 228, "column": 28 },
            "end": { "line": 230, "column": 54 }
          },
          {
            "start": { "line": 231, "column": 28 },
            "end": { "line": 233, "column": null }
          }
        ]
      },
      "18": {
        "loc": {
          "start": { "line": 228, "column": 28 },
          "end": { "line": 230, "column": 54 }
        },
        "type": "cond-expr",
        "locations": [
          {
            "start": { "line": 229, "column": 30 },
            "end": { "line": 229, "column": 54 }
          },
          {
            "start": { "line": 230, "column": 30 },
            "end": { "line": 230, "column": 54 }
          }
        ]
      },
      "19": {
        "loc": {
          "start": { "line": 231, "column": 28 },
          "end": { "line": 233, "column": null }
        },
        "type": "cond-expr",
        "locations": [
          {
            "start": { "line": 232, "column": 30 },
            "end": { "line": 232, "column": 57 }
          },
          {
            "start": { "line": 233, "column": 30 },
            "end": { "line": 233, "column": null }
          }
        ]
      },
      "20": {
        "loc": {
          "start": { "line": 240, "column": 19 },
          "end": { "line": 252, "column": null }
        },
        "type": "binary-expr",
        "locations": [
          {
            "start": { "line": 240, "column": 19 },
            "end": { "line": 240, "column": 46 }
          },
          {
            "start": { "line": 241, "column": 20 },
            "end": { "line": 251, "column": null }
          }
        ]
      },
      "21": {
        "loc": {
          "start": { "line": 242, "column": 23 },
          "end": { "line": 250, "column": null }
        },
        "type": "cond-expr",
        "locations": [
          {
            "start": { "line": 242, "column": 50 },
            "end": { "line": 242, "column": 52 }
          },
          {
            "start": { "line": 242, "column": 50 },
            "end": { "line": 250, "column": null }
          }
        ]
      },
      "22": {
        "loc": {
          "start": { "line": 242, "column": 23 },
          "end": { "line": 242, "column": 52 }
        },
        "type": "binary-expr",
        "locations": [
          {
            "start": { "line": 242, "column": 23 },
            "end": { "line": 242, "column": 52 }
          },
          {
            "start": { "line": 242, "column": 50 },
            "end": { "line": 242, "column": 52 }
          }
        ]
      },
      "23": {
        "loc": {
          "start": { "line": 254, "column": 19 },
          "end": { "line": 266, "column": null }
        },
        "type": "binary-expr",
        "locations": [
          {
            "start": { "line": 254, "column": 19 },
            "end": { "line": 254, "column": 47 }
          },
          {
            "start": { "line": 255, "column": 20 },
            "end": { "line": 265, "column": null }
          }
        ]
      },
      "24": {
        "loc": {
          "start": { "line": 274, "column": 20 },
          "end": { "line": 276, "column": null }
        },
        "type": "cond-expr",
        "locations": [
          {
            "start": { "line": 275, "column": 24 },
            "end": { "line": 275, "column": 66 }
          },
          {
            "start": { "line": 276, "column": 24 },
            "end": { "line": 276, "column": null }
          }
        ]
      }
    },
    "s": {
      "0": 1,
      "1": 1,
      "2": 1,
      "3": 1,
      "4": 1,
      "5": 1,
      "6": 1,
      "7": 2,
      "8": 2,
      "9": 2,
      "10": 2,
      "11": 2,
      "12": 2,
      "13": 2,
      "14": 2,
      "15": 1,
      "16": 1,
      "17": 1,
      "18": 1,
      "19": 1,
      "20": 1,
      "21": 1,
      "22": 1,
      "23": 0,
      "24": 1,
      "25": 1,
      "26": 1,
      "27": 2,
      "28": 0,
      "29": 0,
      "30": 2,
      "31": 1,
      "32": 1,
      "33": 1,
      "34": 0,
      "35": 0,
      "36": 1,
      "37": 1,
      "38": 1,
      "39": 1,
      "40": 1,
      "41": 1,
      "42": 1,
      "43": 1,
      "44": 1,
      "45": 2,
      "46": 1,
      "47": 0,
      "48": 1,
      "49": 0,
      "50": 1,
      "51": 1,
      "52": 1,
      "53": 1,
      "54": 0,
      "55": 0,
      "56": 0,
      "57": 2,
      "58": 0,
      "59": 0,
      "60": 0,
      "61": 1
    },
    "f": {
      "0": 2,
      "1": 1,
      "2": 1,
      "3": 1,
      "4": 1,
      "5": 0,
      "6": 1,
      "7": 1,
      "8": 2,
      "9": 0,
      "10": 0,
      "11": 0,
      "12": 0
    },
    "b": {
      "0": [1],
      "1": [0],
      "2": [1, 0],
      "3": [1, 0],
      "4": [1, 0],
      "5": [1, 0],
      "6": [0, 1],
      "7": [1, 1],
      "8": [0, 1],
      "9": [1, 0],
      "10": [0, 2],
      "11": [0, 2],
      "12": [2, 2],
      "13": [0, 2],
      "14": [0, 2],
      "15": [0, 0],
      "16": [0, 2],
      "17": [2, 0],
      "18": [0, 2],
      "19": [0, 0],
      "20": [2, 0],
      "21": [0, 0],
      "22": [0, 0],
      "23": [2, 2],
      "24": [0, 2]
    }
  },
  "D:\\Projects\\Recipe_Finder\\src\\pages\\signin\\SigninForm.tsx": {
    "path": "D:\\Projects\\Recipe_Finder\\src\\pages\\signin\\SigninForm.tsx",
    "statementMap": {
      "0": {
        "start": { "line": 2, "column": 0 },
        "end": { "line": 2, "column": 40 }
      },
      "1": {
        "start": { "line": 3, "column": 0 },
        "end": { "line": 3, "column": 53 }
      },
      "2": {
        "start": { "line": 4, "column": 0 },
        "end": { "line": 4, "column": 57 }
      },
      "3": {
        "start": { "line": 11, "column": 29 },
        "end": { "line": 116, "column": 1 }
      },
      "4": {
        "start": { "line": 12, "column": 19 },
        "end": { "line": 12, "column": 32 }
      },
      "5": {
        "start": { "line": 17, "column": 6 },
        "end": { "line": 17, "column": 23 }
      },
      "6": {
        "start": { "line": 18, "column": 42 },
        "end": { "line": 18, "column": 71 }
      },
      "7": {
        "start": { "line": 20, "column": 42 },
        "end": { "line": 45, "column": 4 }
      },
      "8": {
        "start": { "line": 20, "column": 57 },
        "end": { "line": 45, "column": 4 }
      },
      "9": {
        "start": { "line": 21, "column": 4 },
        "end": { "line": 44, "column": 5 }
      },
      "10": {
        "start": { "line": 23, "column": 20 },
        "end": { "line": 23, "column": 69 }
      },
      "11": {
        "start": { "line": 24, "column": 19 },
        "end": { "line": 26, "column": null }
      },
      "12": {
        "start": { "line": 26, "column": 10 },
        "end": { "line": 26, "column": 70 }
      },
      "13": {
        "start": { "line": 29, "column": 6 },
        "end": { "line": 31, "column": 7 }
      },
      "14": {
        "start": { "line": 30, "column": 8 },
        "end": { "line": 30, "column": 53 }
      },
      "15": {
        "start": { "line": 33, "column": 6 },
        "end": { "line": 33, "column": 40 }
      },
      "16": {
        "start": { "line": 34, "column": 24 },
        "end": { "line": 34, "column": 62 }
      },
      "17": {
        "start": { "line": 35, "column": 6 },
        "end": { "line": 35, "column": 51 }
      },
      "18": {
        "start": { "line": 36, "column": 6 },
        "end": { "line": 36, "column": 61 }
      },
      "19": {
        "start": { "line": 38, "column": 6 },
        "end": { "line": 38, "column": 20 }
      },
      "20": {
        "start": { "line": 40, "column": 6 },
        "end": { "line": 40, "column": 24 }
      },
      "21": {
        "start": { "line": 42, "column": 6 },
        "end": { "line": 42, "column": 46 }
      },
      "22": {
        "start": { "line": 43, "column": 6 },
        "end": { "line": 43, "column": 76 }
      },
      "23": {
        "start": { "line": 47, "column": 2 },
        "end": { "line": 115, "column": 4 }
      },
      "24": {
        "start": { "line": 118, "column": 0 },
        "end": { "line": 118, "column": 26 }
      }
    },
    "fnMap": {
      "0": {
        "name": "(anonymous_7)",
        "decl": {
          "start": { "line": 11, "column": 29 },
          "end": { "line": 11, "column": 32 }
        },
        "loc": {
          "start": { "line": 11, "column": 34 },
          "end": { "line": 116, "column": 1 }
        }
      },
      "1": {
        "name": "(anonymous_8)",
        "decl": {
          "start": { "line": 20, "column": 42 },
          "end": { "line": 20, "column": 49 }
        },
        "loc": {
          "start": { "line": 20, "column": 57 },
          "end": { "line": 45, "column": 4 }
        }
      },
      "2": {
        "name": "(anonymous_9)",
        "decl": {
          "start": { "line": 20, "column": 57 },
          "end": { "line": 20, "column": null }
        },
        "loc": {
          "start": { "line": 20, "column": 57 },
          "end": { "line": 45, "column": 3 }
        }
      },
      "3": {
        "name": "(anonymous_10)",
        "decl": {
          "start": { "line": 25, "column": 8 },
          "end": { "line": 25, "column": 9 }
        },
        "loc": {
          "start": { "line": 26, "column": 10 },
          "end": { "line": 26, "column": 70 }
        }
      }
    },
    "branchMap": {
      "0": {
        "loc": {
          "start": { "line": 23, "column": 31 },
          "end": { "line": 23, "column": 68 }
        },
        "type": "binary-expr",
        "locations": [
          {
            "start": { "line": 23, "column": 31 },
            "end": { "line": 23, "column": 60 }
          },
          {
            "start": { "line": 23, "column": 64 },
            "end": { "line": 23, "column": 68 }
          }
        ]
      },
      "1": {
        "loc": {
          "start": { "line": 26, "column": 10 },
          "end": { "line": 26, "column": 70 }
        },
        "type": "binary-expr",
        "locations": [
          {
            "start": { "line": 26, "column": 10 },
            "end": { "line": 26, "column": 35 }
          },
          {
            "start": { "line": 26, "column": 39 },
            "end": { "line": 26, "column": 70 }
          }
        ]
      },
      "2": {
        "loc": {
          "start": { "line": 29, "column": 6 },
          "end": { "line": 31, "column": 7 }
        },
        "type": "if",
        "locations": [
          {
            "start": { "line": 29, "column": 6 },
            "end": { "line": 31, "column": 7 }
          }
        ]
      },
      "3": {
        "loc": {
          "start": { "line": 43, "column": 22 },
          "end": { "line": 43, "column": 74 }
        },
        "type": "binary-expr",
        "locations": [
          {
            "start": { "line": 43, "column": 22 },
            "end": { "line": 43, "column": 35 }
          },
          {
            "start": { "line": 43, "column": 39 },
            "end": { "line": 43, "column": 74 }
          }
        ]
      },
      "4": {
        "loc": {
          "start": { "line": 63, "column": 166 },
          "end": { "line": 63, "column": 202 }
        },
        "type": "cond-expr",
        "locations": [
          {
            "start": { "line": 63, "column": 181 },
            "end": { "line": 63, "column": 197 }
          },
          {
            "start": { "line": 63, "column": 200 },
            "end": { "line": 63, "column": 202 }
          }
        ]
      },
      "5": {
        "loc": {
          "start": { "line": 65, "column": 11 },
          "end": { "line": 66, "column": null }
        },
        "type": "binary-expr",
        "locations": [
          {
            "start": { "line": 65, "column": 11 },
            "end": { "line": 65, "column": 23 }
          },
          {
            "start": { "line": 66, "column": 12 },
            "end": { "line": 66, "column": 66 }
          }
        ]
      },
      "6": {
        "loc": {
          "start": { "line": 80, "column": 166 },
          "end": { "line": 80, "column": 205 }
        },
        "type": "cond-expr",
        "locations": [
          {
            "start": { "line": 80, "column": 184 },
            "end": { "line": 80, "column": 200 }
          },
          {
            "start": { "line": 80, "column": 203 },
            "end": { "line": 80, "column": 205 }
          }
        ]
      },
      "7": {
        "loc": {
          "start": { "line": 82, "column": 11 },
          "end": { "line": 83, "column": null }
        },
        "type": "binary-expr",
        "locations": [
          {
            "start": { "line": 82, "column": 11 },
            "end": { "line": 82, "column": 26 }
          },
          {
            "start": { "line": 83, "column": 12 },
            "end": { "line": 83, "column": 69 }
          }
        ]
      },
      "8": {
        "loc": {
          "start": { "line": 111, "column": 7 },
          "end": { "line": 112, "column": null }
        },
        "type": "binary-expr",
        "locations": [
          {
            "start": { "line": 111, "column": 7 },
            "end": { "line": 111, "column": 19 }
          },
          {
            "start": { "line": 112, "column": 8 },
            "end": { "line": 112, "column": 78 }
          }
        ]
      }
    },
    "s": {
      "0": 1,
      "1": 1,
      "2": 1,
      "3": 1,
      "4": 4,
      "5": 4,
      "6": 4,
      "7": 4,
      "8": 2,
      "9": 2,
      "10": 2,
      "11": 2,
      "12": 1,
      "13": 2,
      "14": 1,
      "15": 1,
      "16": 1,
      "17": 1,
      "18": 1,
      "19": 1,
      "20": 1,
      "21": 1,
      "22": 1,
      "23": 4,
      "24": 1
    },
    "f": { "0": 4, "1": 2, "2": 2, "3": 1 },
    "b": {
      "0": [2, 1],
      "1": [1, 1],
      "2": [1],
      "3": [1, 0],
      "4": [0, 4],
      "5": [4, 0],
      "6": [0, 4],
      "7": [4, 0],
      "8": [4, 1]
    }
  },
  "D:\\Projects\\Recipe_Finder\\src\\pages\\signup\\SignupForm.tsx": {
    "path": "D:\\Projects\\Recipe_Finder\\src\\pages\\signup\\SignupForm.tsx",
    "statementMap": {
      "0": {
        "start": { "line": 2, "column": 0 },
        "end": { "line": 2, "column": 40 }
      },
      "1": {
        "start": { "line": 3, "column": 0 },
        "end": { "line": 3, "column": 53 }
      },
      "2": {
        "start": { "line": 4, "column": 0 },
        "end": { "line": 4, "column": 57 }
      },
      "3": {
        "start": { "line": 12, "column": 29 },
        "end": { "line": 137, "column": 1 }
      },
      "4": {
        "start": { "line": 13, "column": 19 },
        "end": { "line": 13, "column": 32 }
      },
      "5": {
        "start": { "line": 18, "column": 6 },
        "end": { "line": 18, "column": 23 }
      },
      "6": {
        "start": { "line": 19, "column": 42 },
        "end": { "line": 19, "column": 71 }
      },
      "7": {
        "start": { "line": 21, "column": 42 },
        "end": { "line": 51, "column": 4 }
      },
      "8": {
        "start": { "line": 21, "column": 57 },
        "end": { "line": 51, "column": 4 }
      },
      "9": {
        "start": { "line": 22, "column": 4 },
        "end": { "line": 50, "column": 5 }
      },
      "10": {
        "start": { "line": 23, "column": 20 },
        "end": { "line": 23, "column": 69 }
      },
      "11": {
        "start": { "line": 25, "column": 25 },
        "end": { "line": 25, "column": 77 }
      },
      "12": {
        "start": { "line": 25, "column": 51 },
        "end": { "line": 25, "column": 76 }
      },
      "13": {
        "start": { "line": 27, "column": 6 },
        "end": { "line": 29, "column": 7 }
      },
      "14": {
        "start": { "line": 28, "column": 8 },
        "end": { "line": 28, "column": 63 }
      },
      "15": {
        "start": { "line": 31, "column": 6 },
        "end": { "line": 35, "column": 9 }
      },
      "16": {
        "start": { "line": 36, "column": 6 },
        "end": { "line": 36, "column": 59 }
      },
      "17": {
        "start": { "line": 38, "column": 6 },
        "end": { "line": 38, "column": 40 }
      },
      "18": {
        "start": { "line": 39, "column": 24 },
        "end": { "line": 39, "column": 62 }
      },
      "19": {
        "start": { "line": 40, "column": 6 },
        "end": { "line": 40, "column": 51 }
      },
      "20": {
        "start": { "line": 41, "column": 6 },
        "end": { "line": 41, "column": 95 }
      },
      "21": {
        "start": { "line": 44, "column": 6 },
        "end": { "line": 44, "column": 20 }
      },
      "22": {
        "start": { "line": 46, "column": 6 },
        "end": { "line": 46, "column": 24 }
      },
      "23": {
        "start": { "line": 48, "column": 6 },
        "end": { "line": 48, "column": 46 }
      },
      "24": {
        "start": { "line": 49, "column": 6 },
        "end": { "line": 49, "column": 76 }
      },
      "25": {
        "start": { "line": 53, "column": 2 },
        "end": { "line": 136, "column": 4 }
      },
      "26": {
        "start": { "line": 139, "column": 0 },
        "end": { "line": 139, "column": 26 }
      }
    },
    "fnMap": {
      "0": {
        "name": "(anonymous_7)",
        "decl": {
          "start": { "line": 12, "column": 29 },
          "end": { "line": 12, "column": 32 }
        },
        "loc": {
          "start": { "line": 12, "column": 34 },
          "end": { "line": 137, "column": 1 }
        }
      },
      "1": {
        "name": "(anonymous_8)",
        "decl": {
          "start": { "line": 21, "column": 42 },
          "end": { "line": 21, "column": 49 }
        },
        "loc": {
          "start": { "line": 21, "column": 57 },
          "end": { "line": 51, "column": 4 }
        }
      },
      "2": {
        "name": "(anonymous_9)",
        "decl": {
          "start": { "line": 21, "column": 57 },
          "end": { "line": 21, "column": null }
        },
        "loc": {
          "start": { "line": 21, "column": 57 },
          "end": { "line": 51, "column": 3 }
        }
      },
      "3": {
        "name": "(anonymous_10)",
        "decl": {
          "start": { "line": 25, "column": 36 },
          "end": { "line": 25, "column": 37 }
        },
        "loc": {
          "start": { "line": 25, "column": 51 },
          "end": { "line": 25, "column": 76 }
        }
      }
    },
    "branchMap": {
      "0": {
        "loc": {
          "start": { "line": 23, "column": 31 },
          "end": { "line": 23, "column": 68 }
        },
        "type": "binary-expr",
        "locations": [
          {
            "start": { "line": 23, "column": 31 },
            "end": { "line": 23, "column": 60 }
          },
          {
            "start": { "line": 23, "column": 64 },
            "end": { "line": 23, "column": 68 }
          }
        ]
      },
      "1": {
        "loc": {
          "start": { "line": 27, "column": 6 },
          "end": { "line": 29, "column": 7 }
        },
        "type": "if",
        "locations": [
          {
            "start": { "line": 27, "column": 6 },
            "end": { "line": 29, "column": 7 }
          }
        ]
      },
      "2": {
        "loc": {
          "start": { "line": 49, "column": 22 },
          "end": { "line": 49, "column": 74 }
        },
        "type": "binary-expr",
        "locations": [
          {
            "start": { "line": 49, "column": 22 },
            "end": { "line": 49, "column": 35 }
          },
          {
            "start": { "line": 49, "column": 39 },
            "end": { "line": 49, "column": 74 }
          }
        ]
      },
      "3": {
        "loc": {
          "start": { "line": 69, "column": 166 },
          "end": { "line": 69, "column": 201 }
        },
        "type": "cond-expr",
        "locations": [
          {
            "start": { "line": 69, "column": 180 },
            "end": { "line": 69, "column": 196 }
          },
          {
            "start": { "line": 69, "column": 199 },
            "end": { "line": 69, "column": 201 }
          }
        ]
      },
      "4": {
        "loc": {
          "start": { "line": 71, "column": 11 },
          "end": { "line": 71, "column": 79 }
        },
        "type": "binary-expr",
        "locations": [
          {
            "start": { "line": 71, "column": 11 },
            "end": { "line": 71, "column": 22 }
          },
          {
            "start": { "line": 71, "column": 26 },
            "end": { "line": 71, "column": 79 }
          }
        ]
      },
      "5": {
        "loc": {
          "start": { "line": 86, "column": 166 },
          "end": { "line": 86, "column": 202 }
        },
        "type": "cond-expr",
        "locations": [
          {
            "start": { "line": 86, "column": 181 },
            "end": { "line": 86, "column": 197 }
          },
          {
            "start": { "line": 86, "column": 200 },
            "end": { "line": 86, "column": 202 }
          }
        ]
      },
      "6": {
        "loc": {
          "start": { "line": 88, "column": 11 },
          "end": { "line": 88, "column": 81 }
        },
        "type": "binary-expr",
        "locations": [
          {
            "start": { "line": 88, "column": 11 },
            "end": { "line": 88, "column": 23 }
          },
          {
            "start": { "line": 88, "column": 27 },
            "end": { "line": 88, "column": 81 }
          }
        ]
      },
      "7": {
        "loc": {
          "start": { "line": 103, "column": 166 },
          "end": { "line": 103, "column": 205 }
        },
        "type": "cond-expr",
        "locations": [
          {
            "start": { "line": 103, "column": 184 },
            "end": { "line": 103, "column": 200 }
          },
          {
            "start": { "line": 103, "column": 203 },
            "end": { "line": 103, "column": 205 }
          }
        ]
      },
      "8": {
        "loc": {
          "start": { "line": 105, "column": 11 },
          "end": { "line": 105, "column": 87 }
        },
        "type": "binary-expr",
        "locations": [
          {
            "start": { "line": 105, "column": 11 },
            "end": { "line": 105, "column": 26 }
          },
          {
            "start": { "line": 105, "column": 30 },
            "end": { "line": 105, "column": 87 }
          }
        ]
      },
      "9": {
        "loc": {
          "start": { "line": 132, "column": 7 },
          "end": { "line": 133, "column": null }
        },
        "type": "binary-expr",
        "locations": [
          {
            "start": { "line": 132, "column": 7 },
            "end": { "line": 132, "column": 19 }
          },
          {
            "start": { "line": 133, "column": 8 },
            "end": { "line": 133, "column": 78 }
          }
        ]
      }
    },
    "s": {
      "0": 1,
      "1": 1,
      "2": 1,
      "3": 1,
      "4": 4,
      "5": 4,
      "6": 4,
      "7": 4,
      "8": 2,
      "9": 2,
      "10": 2,
      "11": 2,
      "12": 1,
      "13": 2,
      "14": 1,
      "15": 1,
      "16": 1,
      "17": 1,
      "18": 1,
      "19": 1,
      "20": 1,
      "21": 1,
      "22": 1,
      "23": 1,
      "24": 1,
      "25": 4,
      "26": 1
    },
    "f": { "0": 4, "1": 2, "2": 2, "3": 1 },
    "b": {
      "0": [2, 1],
      "1": [1],
      "2": [1, 0],
      "3": [0, 4],
      "4": [4, 0],
      "5": [0, 4],
      "6": [4, 0],
      "7": [0, 4],
      "8": [4, 0],
      "9": [4, 1]
    }
  }
}
