TN:
SF:src\context\theme.tsx
FN:11,(anonymous_0)
FN:14,(anonymous_1)
FNF:2
FNH:0
FNDA:0,(anonymous_0)
FNDA:0,(anonymous_1)
DA:2,1
DA:9,1
DA:14,1
DA:15,0
DA:17,0
DA:22,0
DA:29,1
LF:7
LH:4
BRF:0
BRH:0
end_of_record
TN:
SF:src\pages\Recipe\Recipe.tsx
FN:8,(anonymous_7)
FN:17,(anonymous_8)
FN:20,(anonymous_9)
FN:20,(anonymous_10)
FN:32,(anonymous_11)
FN:37,(anonymous_12)
FN:42,(anonymous_13)
FN:55,(anonymous_14)
FN:63,(anonymous_15)
FN:72,(anonymous_16)
FN:150,(anonymous_17)
FN:164,(anonymous_18)
FN:172,(anonymous_19)
FNF:13
FNH:8
FNDA:2,(anonymous_7)
FNDA:1,(anonymous_8)
FNDA:1,(anonymous_9)
FNDA:1,(anonymous_10)
FNDA:1,(anonymous_11)
FNDA:0,(anonymous_12)
FNDA:1,(anonymous_13)
FNDA:1,(anonymous_14)
FNDA:2,(anonymous_15)
FNDA:0,(anonymous_16)
FNDA:0,(anonymous_17)
FNDA:0,(anonymous_18)
FNDA:0,(anonymous_19)
DA:2,1
DA:3,1
DA:4,1
DA:5,1
DA:6,1
DA:8,1
DA:9,2
DA:10,2
DA:11,2
DA:12,2
DA:13,2
DA:14,2
DA:15,2
DA:17,2
DA:18,1
DA:20,1
DA:21,1
DA:22,1
DA:23,1
DA:24,1
DA:26,0
DA:30,1
DA:32,1
DA:33,1
DA:37,2
DA:38,0
DA:39,0
DA:42,2
DA:43,1
DA:44,1
DA:45,0
DA:46,0
DA:49,1
DA:50,1
DA:52,1
DA:53,1
DA:54,1
DA:55,1
DA:58,1
DA:59,1
DA:60,1
DA:63,2
DA:71,1
DA:72,0
DA:75,1
DA:76,0
DA:78,1
DA:79,1
DA:80,1
DA:81,1
DA:84,0
DA:87,0
DA:91,2
DA:150,0
DA:164,0
DA:173,0
DA:219,1
LF:57
LH:45
BRDA:23,0,0,1
BRDA:44,1,0,0
BRDA:49,2,0,1
BRDA:49,2,1,0
BRDA:52,3,0,1
BRDA:52,3,1,0
BRDA:53,4,0,1
BRDA:53,4,1,0
BRDA:58,5,0,1
BRDA:58,5,1,0
BRDA:71,6,0,0
BRDA:71,6,1,1
BRDA:71,7,0,1
BRDA:71,7,1,1
BRDA:75,8,0,0
BRDA:75,8,1,1
BRDA:78,9,0,1
BRDA:78,9,1,0
BRDA:95,10,0,0
BRDA:95,10,1,2
BRDA:110,11,0,0
BRDA:110,11,1,2
BRDA:125,12,0,2
BRDA:125,12,1,2
BRDA:129,13,0,0
BRDA:129,13,1,2
BRDA:142,14,0,0
BRDA:142,14,1,2
BRDA:143,15,0,0
BRDA:143,15,1,0
BRDA:146,16,0,0
BRDA:146,16,1,2
BRDA:156,17,0,2
BRDA:156,17,1,0
BRDA:157,18,0,0
BRDA:157,18,1,2
BRDA:160,19,0,0
BRDA:160,19,1,0
BRDA:169,20,0,2
BRDA:169,20,1,0
BRDA:171,21,0,0
BRDA:171,21,1,0
BRDA:171,22,0,0
BRDA:171,22,1,0
BRDA:183,23,0,2
BRDA:183,23,1,2
BRDA:203,24,0,0
BRDA:203,24,1,2
BRF:48
BRH:23
end_of_record
TN:
SF:src\pages\signin\SigninForm.tsx
FN:11,(anonymous_7)
FN:20,(anonymous_8)
FN:20,(anonymous_9)
FN:25,(anonymous_10)
FNF:4
FNH:4
FNDA:4,(anonymous_7)
FNDA:2,(anonymous_8)
FNDA:2,(anonymous_9)
FNDA:1,(anonymous_10)
DA:2,1
DA:3,1
DA:4,1
DA:11,1
DA:12,4
DA:17,4
DA:18,4
DA:20,4
DA:21,2
DA:23,2
DA:24,2
DA:26,1
DA:29,2
DA:30,1
DA:33,1
DA:34,1
DA:35,1
DA:36,1
DA:38,1
DA:40,1
DA:42,1
DA:43,1
DA:47,4
DA:118,1
LF:24
LH:24
BRDA:23,0,0,2
BRDA:23,0,1,1
BRDA:26,1,0,1
BRDA:26,1,1,1
BRDA:29,2,0,1
BRDA:43,3,0,1
BRDA:43,3,1,0
BRDA:63,4,0,0
BRDA:63,4,1,4
BRDA:65,5,0,4
BRDA:65,5,1,0
BRDA:80,6,0,0
BRDA:80,6,1,4
BRDA:82,7,0,4
BRDA:82,7,1,0
BRDA:111,8,0,4
BRDA:111,8,1,1
BRF:17
BRH:12
end_of_record
TN:
SF:src\pages\signup\SignupForm.tsx
FN:12,(anonymous_7)
FN:21,(anonymous_8)
FN:21,(anonymous_9)
FN:25,(anonymous_10)
FNF:4
FNH:4
FNDA:4,(anonymous_7)
FNDA:2,(anonymous_8)
FNDA:2,(anonymous_9)
FNDA:1,(anonymous_10)
DA:2,1
DA:3,1
DA:4,1
DA:12,1
DA:13,4
DA:18,4
DA:19,4
DA:21,4
DA:22,2
DA:23,2
DA:25,2
DA:27,2
DA:28,1
DA:31,1
DA:36,1
DA:38,1
DA:39,1
DA:40,1
DA:41,1
DA:44,1
DA:46,1
DA:48,1
DA:49,1
DA:53,4
DA:139,1
LF:25
LH:25
BRDA:23,0,0,2
BRDA:23,0,1,1
BRDA:27,1,0,1
BRDA:49,2,0,1
BRDA:49,2,1,0
BRDA:69,3,0,0
BRDA:69,3,1,4
BRDA:71,4,0,4
BRDA:71,4,1,0
BRDA:86,5,0,0
BRDA:86,5,1,4
BRDA:88,6,0,4
BRDA:88,6,1,0
BRDA:103,7,0,0
BRDA:103,7,1,4
BRDA:105,8,0,4
BRDA:105,8,1,0
BRDA:132,9,0,4
BRDA:132,9,1,1
BRF:19
BRH:12
end_of_record
