TN:
SF:src\context\theme.tsx
FN:11,(anonymous_0)
FN:14,(anonymous_1)
FNF:2
FNH:0
FNDA:0,(anonymous_0)
FNDA:0,(anonymous_1)
DA:2,1
DA:9,1
DA:14,1
DA:15,0
DA:17,0
DA:22,0
DA:29,1
LF:7
LH:4
BRF:0
BRH:0
end_of_record
TN:
SF:src\pages\Recipe\Recipe.tsx
FN:10,(anonymous_13)
FN:19,(anonymous_14)
FN:22,(anonymous_15)
FN:22,(anonymous_16)
FN:34,(anonymous_17)
FN:39,(anonymous_18)
FN:44,(anonymous_19)
FN:58,(anonymous_20)
FN:66,(anonymous_21)
FN:74,(anonymous_22)
FN:221,(anonymous_23)
FN:235,(anonymous_24)
FN:243,(anonymous_25)
FNF:13
FNH:8
FNDA:2,(anonymous_13)
FNDA:1,(anonymous_14)
FNDA:1,(anonymous_15)
FNDA:1,(anonymous_16)
FNDA:1,(anonymous_17)
FNDA:0,(anonymous_18)
FNDA:1,(anonymous_19)
FNDA:1,(anonymous_20)
FNDA:2,(anonymous_21)
FNDA:0,(anonymous_22)
FNDA:0,(anonymous_23)
FNDA:0,(anonymous_24)
FNDA:0,(anonymous_25)
DA:2,1
DA:3,1
DA:4,1
DA:5,1
DA:6,1
DA:7,1
DA:10,1
DA:11,2
DA:12,2
DA:13,2
DA:14,2
DA:15,2
DA:16,2
DA:17,2
DA:19,2
DA:20,1
DA:22,1
DA:23,1
DA:24,1
DA:25,1
DA:26,1
DA:28,0
DA:32,1
DA:34,1
DA:35,1
DA:39,2
DA:40,0
DA:41,0
DA:44,2
DA:45,1
DA:46,1
DA:47,1
DA:48,0
DA:49,0
DA:52,1
DA:53,1
DA:55,1
DA:56,1
DA:57,1
DA:58,1
DA:61,1
DA:62,1
DA:63,1
DA:66,2
DA:73,1
DA:74,0
DA:78,1
DA:79,0
DA:81,1
DA:82,1
DA:83,1
DA:84,1
DA:87,0
DA:90,0
DA:93,0
DA:162,2
DA:221,0
DA:235,0
DA:244,0
DA:290,1
LF:60
LH:47
BRDA:25,0,0,1
BRDA:47,1,0,0
BRDA:52,2,0,1
BRDA:52,2,1,0
BRDA:55,3,0,1
BRDA:55,3,1,0
BRDA:56,4,0,1
BRDA:56,4,1,0
BRDA:61,5,0,1
BRDA:61,5,1,0
BRDA:73,6,0,0
BRDA:73,6,1,1
BRDA:73,7,0,1
BRDA:73,7,1,1
BRDA:78,8,0,0
BRDA:78,8,1,1
BRDA:81,9,0,1
BRDA:81,9,1,0
BRDA:166,10,0,0
BRDA:166,10,1,2
BRDA:181,11,0,0
BRDA:181,11,1,2
BRDA:196,12,0,2
BRDA:196,12,1,2
BRDA:200,13,0,0
BRDA:200,13,1,2
BRDA:213,14,0,0
BRDA:213,14,1,2
BRDA:214,15,0,0
BRDA:214,15,1,0
BRDA:217,16,0,0
BRDA:217,16,1,2
BRDA:227,17,0,2
BRDA:227,17,1,0
BRDA:228,18,0,0
BRDA:228,18,1,2
BRDA:231,19,0,0
BRDA:231,19,1,0
BRDA:240,20,0,2
BRDA:240,20,1,0
BRDA:242,21,0,0
BRDA:242,21,1,0
BRDA:242,22,0,0
BRDA:242,22,1,0
BRDA:254,23,0,2
BRDA:254,23,1,2
BRDA:274,24,0,0
BRDA:274,24,1,2
BRF:48
BRH:23
end_of_record
TN:
SF:src\pages\signin\SigninForm.tsx
FN:11,(anonymous_7)
FN:20,(anonymous_8)
FN:20,(anonymous_9)
FN:25,(anonymous_10)
FNF:4
FNH:4
FNDA:4,(anonymous_7)
FNDA:2,(anonymous_8)
FNDA:2,(anonymous_9)
FNDA:1,(anonymous_10)
DA:2,1
DA:3,1
DA:4,1
DA:11,1
DA:12,4
DA:17,4
DA:18,4
DA:20,4
DA:21,2
DA:23,2
DA:24,2
DA:26,1
DA:29,2
DA:30,1
DA:33,1
DA:34,1
DA:35,1
DA:36,1
DA:38,1
DA:40,1
DA:42,1
DA:43,1
DA:47,4
DA:118,1
LF:24
LH:24
BRDA:23,0,0,2
BRDA:23,0,1,1
BRDA:26,1,0,1
BRDA:26,1,1,1
BRDA:29,2,0,1
BRDA:43,3,0,1
BRDA:43,3,1,0
BRDA:63,4,0,0
BRDA:63,4,1,4
BRDA:65,5,0,4
BRDA:65,5,1,0
BRDA:80,6,0,0
BRDA:80,6,1,4
BRDA:82,7,0,4
BRDA:82,7,1,0
BRDA:111,8,0,4
BRDA:111,8,1,1
BRF:17
BRH:12
end_of_record
TN:
SF:src\pages\signup\SignupForm.tsx
FN:12,(anonymous_7)
FN:21,(anonymous_8)
FN:21,(anonymous_9)
FN:25,(anonymous_10)
FNF:4
FNH:4
FNDA:4,(anonymous_7)
FNDA:2,(anonymous_8)
FNDA:2,(anonymous_9)
FNDA:1,(anonymous_10)
DA:2,1
DA:3,1
DA:4,1
DA:12,1
DA:13,4
DA:18,4
DA:19,4
DA:21,4
DA:22,2
DA:23,2
DA:25,2
DA:27,2
DA:28,1
DA:31,1
DA:36,1
DA:38,1
DA:39,1
DA:40,1
DA:41,1
DA:44,1
DA:46,1
DA:48,1
DA:49,1
DA:53,4
DA:139,1
LF:25
LH:25
BRDA:23,0,0,2
BRDA:23,0,1,1
BRDA:27,1,0,1
BRDA:49,2,0,1
BRDA:49,2,1,0
BRDA:69,3,0,0
BRDA:69,3,1,4
BRDA:71,4,0,4
BRDA:71,4,1,0
BRDA:86,5,0,0
BRDA:86,5,1,4
BRDA:88,6,0,4
BRDA:88,6,1,0
BRDA:103,7,0,0
BRDA:103,7,1,4
BRDA:105,8,0,4
BRDA:105,8,1,0
BRDA:132,9,0,4
BRDA:132,9,1,1
BRF:19
BRH:12
end_of_record
